This is pdfTeX, Version 3.141592653-2.6-1.40.24 (MiKTeX 22.10) (preloaded format=pdflatex 2022.12.23)  24 DEC 2022 00:51
entering extended mode
 restricted \write18 enabled.
 %&-line parsing enabled.
**"D:/–°–æ—Ñ—å—è –ó–∏–º–µ–Ω–∫–æ–≤–∞/—É—á—ë–±–∞/3 —Å–µ–º/–ø–∏–ø–µ—Ü/report/repor
t.tex"

(D:/–°–æ—Ñ—å—è –ó–∏–º–µ–Ω–∫–æ–≤–∞/—É—á—ë–±–∞/3 —Å–µ–º/–ø–∏–ø–µ—Ü/report/report.
tex
LaTeX2e <2022-06-01> patch level 5
L3 programming layer <2022-09-28>
(C:\Users\–°–æ—Ñ—å—è –ó–∏–º–µ–Ω–∫–æ–≤–∞\AppData\Local\Programs\MiKTeX\tex/latex
/base\article.cls
Document Class: article 2021/10/04 v1.4n Standard LaTeX document class

(C:\Users\–°–æ—Ñ—å—è –ó–∏–º–µ–Ω–∫–æ–≤–∞\AppData\Local\Programs\MiKTeX\tex/latex
/base\size12.clo
File: size12.clo 2021/10/04 v1.4n Standard LaTeX file (size option)
)
\c@part=\count185
\c@section=\count186
\c@subsection=\count187
\c@subsubsection=\count188
\c@paragraph=\count189
\c@subparagraph=\count190
\c@figure=\count191
\c@table=\count192
\abovecaptionskip=\skip47
\belowcaptionskip=\skip48
\bibindent=\dimen138
)
(C:\Users\–°–æ—Ñ—å—è –ó–∏–º–µ–Ω–∫–æ–≤–∞\AppData\Local\Programs\MiKTeX\tex/latex
/ucs\ucs.sty
Package: ucs 2022/08/07 v2.3 UCS: Unicode input support

(C:\Users\–°–æ—Ñ—å—è –ó–∏–º–µ–Ω–∫–æ–≤–∞\AppData\Local\Programs\MiKTeX\tex/latex
/ucs/data\uni-global.def
File: uni-global.def 2022/08/07 UCS: Unicode global data
)
\uc@secondtry=\count193
\uc@combtoks=\toks16
\uc@combtoksb=\toks17
\uc@temptokena=\toks18
)
(C:\Users\–°–æ—Ñ—å—è –ó–∏–º–µ–Ω–∫–æ–≤–∞\AppData\Local\Programs\MiKTeX\tex/latex
/base\inputenc.sty
Package: inputenc 2021/02/14 v1.3d Input encoding file
\inpenc@prehook=\toks19
\inpenc@posthook=\toks20

(C:\Users\–°–æ—Ñ—å—è –ó–∏–º–µ–Ω–∫–æ–≤–∞\AppData\Local\Programs\MiKTeX\tex/latex
/ucs\utf8x.def
File: utf8x.def 2022/08/07 UCS: Input encoding UTF-8
))
(C:\Users\–°–æ—Ñ—å—è –ó–∏–º–µ–Ω–∫–æ–≤–∞\AppData\Local\Programs\MiKTeX\tex/gener
ic/babel\babel.sty
Package: babel 2022/10/04 3.81 The Babel package
\babel@savecnt=\count194
\U@D=\dimen139
\l@unhyphenated=\language79

(C:\Users\–°–æ—Ñ—å—è –ó–∏–º–µ–Ω–∫–æ–≤–∞\AppData\Local\Programs\MiKTeX\tex/gener
ic/babel\txtbabel.def)
\bbl@readstream=\read2
\bbl@dirlevel=\count195

*************************************
* Local config file bblopts.cfg used
*

(C:\Users\–°–æ—Ñ—å—è –ó–∏–º–µ–Ω–∫–æ–≤–∞\AppData\Local\Programs\MiKTeX\tex/latex
/arabi\bblopts.cfg
File: bblopts.cfg 2005/09/08 v0.1 add Arabic and Farsi to "declared" options of
 babel
)
(C:\Users\–°–æ—Ñ—å—è –ó–∏–º–µ–Ω–∫–æ–≤–∞\AppData\Local\Programs\MiKTeX\tex/latex
/babel-russian\russianb.ldf
File: russianb.ldf 2021/01/10 1.3m Russian support for the Babel system
Language: russian 2020/09/09 1.3k Russian support for the Babel system


Package babel Warning: No Cyrillic font encoding has been loaded so far.
(babel)                A font encoding should be declared before babel.
(babel)                Default `T2A' encoding will be loaded  on input line 78.



(C:\Users\–°–æ—Ñ—å—è –ó–∏–º–µ–Ω–∫–æ–≤–∞\AppData\Local\Programs\MiKTeX\tex/latex
/cyrillic\t2aenc.def
File: t2aenc.def 2022/06/11 v1.0j Cyrillic encoding definition file
)
Package babel Info: Making " an active character on input line 124.
Package babel Info: Default for \cyrdash is provided on input line 163.
))
(C:\Users\–°–æ—Ñ—å—è –ó–∏–º–µ–Ω–∫–æ–≤–∞\AppData\Local\Programs\MiKTeX\tex/gener
ic/babel/locale/ru\babel-russian.tex
Package babel Info: Importing font and identification data for russian
(babel)             from babel-ru.ini. Reported on input line 11.
)
(C:\Users\–°–æ—Ñ—å—è –ó–∏–º–µ–Ω–∫–æ–≤–∞\AppData\Local\Programs\MiKTeX\tex/latex
/graphics\graphicx.sty
Package: graphicx 2021/09/16 v1.2d Enhanced LaTeX Graphics (DPC,SPQR)

(C:\Users\–°–æ—Ñ—å—è –ó–∏–º–µ–Ω–∫–æ–≤–∞\AppData\Local\Programs\MiKTeX\tex/latex
/graphics\keyval.sty
Package: keyval 2022/05/29 v1.15 key=value parser (DPC)
\KV@toks@=\toks21
)
(C:\Users\–°–æ—Ñ—å—è –ó–∏–º–µ–Ω–∫–æ–≤–∞\AppData\Local\Programs\MiKTeX\tex/latex
/graphics\graphics.sty
Package: graphics 2022/03/10 v1.4e Standard LaTeX Graphics (DPC,SPQR)

(C:\Users\–°–æ—Ñ—å—è –ó–∏–º–µ–Ω–∫–æ–≤–∞\AppData\Local\Programs\MiKTeX\tex/latex
/graphics\trig.sty
Package: trig 2021/08/11 v1.11 sin cos tan (DPC)
)
(C:\Users\–°–æ—Ñ—å—è –ó–∏–º–µ–Ω–∫–æ–≤–∞\AppData\Local\Programs\MiKTeX\tex/latex
/graphics-cfg\graphics.cfg
File: graphics.cfg 2016/06/04 v1.11 sample graphics configuration
)
Package graphics Info: Driver file: pdftex.def on input line 107.

(C:\Users\–°–æ—Ñ—å—è –ó–∏–º–µ–Ω–∫–æ–≤–∞\AppData\Local\Programs\MiKTeX\tex/latex
/graphics-def\pdftex.def
File: pdftex.def 2022/09/22 v1.2b Graphics/color driver for pdftex
\stockwidth=\dimen140
\stockheight=\dimen141
))
\Gin@req@height=\dimen142
\Gin@req@width=\dimen143
)
(C:\Users\–°–æ—Ñ—å—è –ó–∏–º–µ–Ω–∫–æ–≤–∞\AppData\Local\Programs\MiKTeX\tex/latex
/listings\listings.sty
\lst@mode=\count196
\lst@gtempboxa=\box51
\lst@token=\toks22
\lst@length=\count197
\lst@currlwidth=\dimen144
\lst@column=\count198
\lst@pos=\count199
\lst@lostspace=\dimen145
\lst@width=\dimen146
\lst@newlines=\count266
\lst@lineno=\count267
\lst@maxwidth=\dimen147

(C:\Users\–°–æ—Ñ—å—è –ó–∏–º–µ–Ω–∫–æ–≤–∞\AppData\Local\Programs\MiKTeX\tex/latex
/listings\lstmisc.sty
File: lstmisc.sty 2020/03/24 1.8d (Carsten Heinz)
\c@lstnumber=\count268
\lst@skipnumbers=\count269
\lst@framebox=\box52
)
(C:\Users\–°–æ—Ñ—å—è –ó–∏–º–µ–Ω–∫–æ–≤–∞\AppData\Local\Programs\MiKTeX\tex/latex
/listings\listings.cfg
File: listings.cfg 2020/03/24 1.8d listings configuration
))
Package: listings 2020/03/24 1.8d (Carsten Heinz)

(C:\Users\–°–æ—Ñ—å—è –ó–∏–º–µ–Ω–∫–æ–≤–∞\AppData\Local\Programs\MiKTeX\tex/latex
/xcolor\xcolor.sty
Package: xcolor 2022/06/12 v2.14 LaTeX color extensions (UK)

(C:\Users\–°–æ—Ñ—å—è –ó–∏–º–µ–Ω–∫–æ–≤–∞\AppData\Local\Programs\MiKTeX\tex/latex
/graphics-cfg\color.cfg
File: color.cfg 2016/01/02 v1.6 sample color configuration
)
Package xcolor Info: Driver file: pdftex.def on input line 227.

(C:\Users\–°–æ—Ñ—å—è –ó–∏–º–µ–Ω–∫–æ–≤–∞\AppData\Local\Programs\MiKTeX\tex/latex
/graphics\mathcolor.ltx)
Package xcolor Info: Model `cmy' substituted by `cmy0' on input line 1353.
Package xcolor Info: Model `hsb' substituted by `rgb' on input line 1357.
Package xcolor Info: Model `RGB' extended on input line 1369.
Package xcolor Info: Model `HTML' substituted by `rgb' on input line 1371.
Package xcolor Info: Model `Hsb' substituted by `hsb' on input line 1372.
Package xcolor Info: Model `tHsb' substituted by `hsb' on input line 1373.
Package xcolor Info: Model `HSB' substituted by `hsb' on input line 1374.
Package xcolor Info: Model `Gray' substituted by `gray' on input line 1375.
Package xcolor Info: Model `wave' substituted by `hsb' on input line 1376.
)
(C:\Users\–°–æ—Ñ—å—è –ó–∏–º–µ–Ω–∫–æ–≤–∞\AppData\Local\Programs\MiKTeX\tex/latex
/geometry\geometry.sty
Package: geometry 2020/01/02 v5.9 Page Geometry

(C:\Users\–°–æ—Ñ—å—è –ó–∏–º–µ–Ω–∫–æ–≤–∞\AppData\Local\Programs\MiKTeX\tex/gener
ic/iftex\ifvtex.sty
Package: ifvtex 2019/10/25 v1.7 ifvtex legacy package. Use iftex instead.

(C:\Users\–°–æ—Ñ—å—è –ó–∏–º–µ–Ω–∫–æ–≤–∞\AppData\Local\Programs\MiKTeX\tex/gener
ic/iftex\iftex.sty
Package: iftex 2022/02/03 v1.0f TeX engine tests
))
\Gm@cnth=\count270
\Gm@cntv=\count271
\c@Gm@tempcnt=\count272
\Gm@bindingoffset=\dimen148
\Gm@wd@mp=\dimen149
\Gm@odd@mp=\dimen150
\Gm@even@mp=\dimen151
\Gm@layoutwidth=\dimen152
\Gm@layoutheight=\dimen153
\Gm@layouthoffset=\dimen154
\Gm@layoutvoffset=\dimen155
\Gm@dimlist=\toks23

(C:\Users\–°–æ—Ñ—å—è –ó–∏–º–µ–Ω–∫–æ–≤–∞\AppData\Local\Programs\MiKTeX\tex/latex
/geometry\geometry.cfg))
(C:\Users\–°–æ—Ñ—å—è –ó–∏–º–µ–Ω–∫–æ–≤–∞\AppData\Local\Programs\MiKTeX\tex/latex
/tools\indentfirst.sty
Package: indentfirst 1995/11/23 v1.03 Indent first paragraph (DPC)
)
(C:\Users\–°–æ—Ñ—å—è –ó–∏–º–µ–Ω–∫–æ–≤–∞\AppData\Local\Programs\MiKTeX\tex/latex
/l3backend\l3backend-pdftex.def
File: l3backend-pdftex.def 2022-09-28 L3 backend support: PDF output (pdfTeX)
\l__color_backend_stack_int=\count273
\l__pdf_internal_box=\box53
) (report.aux
LaTeX Font Info:    Trying to load font information for T2A+cmr on input line 5
.

(C:\Users\–°–æ—Ñ—å—è –ó–∏–º–µ–Ω–∫–æ–≤–∞\AppData\Local\Programs\MiKTeX\tex/latex
/cyrillic\t2acmr.fd
File: t2acmr.fd 2001/08/11 v1.0a Computer Modern Cyrillic font definitions
))
\openout1 = `report.aux'.

LaTeX Font Info:    Checking defaults for OML/cmm/m/it on input line 29.
LaTeX Font Info:    ... okay on input line 29.
LaTeX Font Info:    Checking defaults for OMS/cmsy/m/n on input line 29.
LaTeX Font Info:    ... okay on input line 29.
LaTeX Font Info:    Checking defaults for OT1/cmr/m/n on input line 29.
LaTeX Font Info:    ... okay on input line 29.
LaTeX Font Info:    Checking defaults for T1/cmr/m/n on input line 29.
LaTeX Font Info:    ... okay on input line 29.
LaTeX Font Info:    Checking defaults for TS1/cmr/m/n on input line 29.
LaTeX Font Info:    ... okay on input line 29.
LaTeX Font Info:    Checking defaults for OMX/cmex/m/n on input line 29.
LaTeX Font Info:    ... okay on input line 29.
LaTeX Font Info:    Checking defaults for U/cmr/m/n on input line 29.
LaTeX Font Info:    ... okay on input line 29.
LaTeX Font Info:    Checking defaults for T2A/cmr/m/n on input line 29.
LaTeX Font Info:    ... okay on input line 29.

(C:\Users\–°–æ—Ñ—å—è –ó–∏–º–µ–Ω–∫–æ–≤–∞\AppData\Local\Programs\MiKTeX\tex/latex
/ucs\ucsencs.def
File: ucsencs.def 2011/01/21 Fixes to fontencodings LGR, T3
)
LaTeX Info: Redefining \th on input line 29.

(C:\Users\–°–æ—Ñ—å—è –ó–∏–º–µ–Ω–∫–æ–≤–∞\AppData\Local\Programs\MiKTeX\tex/conte
xt/base/mkii\supp-pdf.mkii
[Loading MPS to PDF converter (version 2006.09.02).]
\scratchcounter=\count274
\scratchdimen=\dimen156
\scratchbox=\box54
\nofMPsegments=\count275
\nofMParguments=\count276
\everyMPshowfont=\toks24
\MPscratchCnt=\count277
\MPscratchDim=\dimen157
\MPnumerator=\count278
\makeMPintoPDFobject=\count279
\everyMPtoPDFconversion=\toks25
)
(C:\Users\–°–æ—Ñ—å—è –ó–∏–º–µ–Ω–∫–æ–≤–∞\AppData\Local\Programs\MiKTeX\tex/latex
/epstopdf-pkg\epstopdf-base.sty
Package: epstopdf-base 2020-01-24 v2.11 Base part for package epstopdf
Package epstopdf-base Info: Redefining graphics rule for `.eps' on input line 4
85.

(C:\Users\–°–æ—Ñ—å—è –ó–∏–º–µ–Ω–∫–æ–≤–∞\AppData\Local\Programs\MiKTeX\tex/latex
/00miktex\epstopdf-sys.cfg
File: epstopdf-sys.cfg 2021/03/18 v2.0 Configuration of epstopdf for MiKTeX
))
\c@lstlisting=\count280

*geometry* driver: auto-detecting
*geometry* detected driver: pdftex
*geometry* verbose mode - [ preamble ] result:
* driver: pdftex
* paper: a4paper
* layout: <same size as paper>
* layoutoffset:(h,v)=(0.0pt,0.0pt)
* modes: 
* h-part:(L,W,R)=(85.35826pt, 483.69687pt, 28.45274pt)
* v-part:(T,H,B)=(56.9055pt, 731.23584pt, 56.9055pt)
* \paperwidth=597.50787pt
* \paperheight=845.04684pt
* \textwidth=483.69687pt
* \textheight=731.23584pt
* \oddsidemargin=13.08827pt
* \evensidemargin=13.08827pt
* \topmargin=-15.36449pt
* \headheight=0.0pt
* \headsep=0.0pt
* \topskip=12.0pt
* \footskip=30.0pt
* \marginparwidth=35.0pt
* \marginparsep=10.0pt
* \columnsep=10.0pt
* \skip\footins=10.8pt plus 4.0pt minus 2.0pt
* \hoffset=0.0pt
* \voffset=0.0pt
* \mag=1000
* \@twocolumnfalse
* \@twosidefalse
* \@mparswitchfalse
* \@reversemarginfalse
* (1in=72.27pt=25.4mm, 1cm=28.453pt)


(C:\Users\–°–æ—Ñ—å—è –ó–∏–º–µ–Ω–∫–æ–≤–∞\AppData\Local\Programs\MiKTeX\tex/latex
/ucs/data\uni-4.def
File: uni-4.def 2022/08/07 UCS: Unicode data U+0400..U+04FF
)
Underfull \hbox (badness 10000) in paragraph at lines 97--97

 []

LaTeX Font Info:    External font `cmex10' loaded for size
(Font)              <12> on input line 97.
LaTeX Font Info:    External font `cmex10' loaded for size
(Font)              <8> on input line 97.
LaTeX Font Info:    External font `cmex10' loaded for size
(Font)              <6> on input line 97.
[1

{C:/Users/–°–æ—Ñ—å—è –ó–∏–º–µ–Ω–∫–æ–≤–∞/AppData/Local/MiKTeX/fonts/map/pdftex/p
dftex.map}] (report.toc)
\tf@toc=\write3
\openout3 = `report.toc'.

 [2]
Underfull \hbox (badness 10000) in paragraph at lines 133--134

 []


Underfull \hbox (badness 10000) in paragraph at lines 135--136

 []

[3] [4] [5]
LaTeX Font Info:    Trying to load font information for T2A+cmtt on input line 
197.

(C:\Users\–°–æ—Ñ—å—è –ó–∏–º–µ–Ω–∫–æ–≤–∞\AppData\Local\Programs\MiKTeX\tex/latex
/cyrillic\t2acmtt.fd
File: t2acmtt.fd 2001/08/11 v1.0a Computer Modern Cyrillic font definitions
) [6] (report.aux) ) 
Here is how much of TeX's memory you used:
 6348 strings out of 475385
 99620 string characters out of 2765542
 466245 words of memory out of 3000000
 27662 multiletter control sequences out of 15000+600000
 479946 words of font info for 48 fonts, out of 8000000 for 9000
 1141 hyphenation exceptions out of 8191
 55i,5n,62p,1701b,700s stack positions out of 10000i,1000n,20000p,200000b,80000s
 <C:\Users\–°–æ—Ñ—å—è –ó–∏–º–µ–Ω–∫–æ–≤–∞\AppData\Local\MiKT
eX\fonts/pk/ljfour/lh/lh-t2a/dpi600\latt1200.pk> <C:\Users\–°–æ—Ñ—å—è –ó–∏–º–µ–
Ω–∫–æ–≤–∞\AppData\Local\MiKTeX\fonts/pk/ljfour/jknappen/ec/dpi600\tcrm1200.pk> 
<C:\Users\–°–æ—Ñ—å—è –ó–∏–º–µ–Ω–∫–æ–≤–∞\AppData\Local\MiKTeX\fonts/pk/ljfour/lh
/lh-t2a/dpi600\labx1200.pk> <C:\Users\–°–æ—Ñ—å—è –ó–∏–º–µ–Ω–∫–æ–≤–∞\AppData\Loc
al\MiKTeX\fonts/pk/ljfour/lh/lh-t2a/dpi600\labx1728.pk> <C:\Users\–°–æ—Ñ—å—è –ó
–∏–º–µ–Ω–∫–æ–≤–∞\AppData\Local\MiKTeX\fonts/pk/ljfour/lh/lh-t2a/dpi600\larm1440
.pk> <C:\Users\–°–æ—Ñ—å—è –ó–∏–º–µ–Ω–∫–æ–≤–∞\AppData\Local\MiKTeX\fonts/pk/ljfo
ur/lh/lh-t2a/dpi600\lati1095.pk> <C:\Users\–°–æ—Ñ—å—è –ó–∏–º–µ–Ω–∫–æ–≤–∞\AppDat
a\Local\MiKTeX\fonts/pk/ljfour/lh/lh-t2a/dpi600\lacc1728.pk> <C:\Users\–°–æ—Ñ—å
—è –ó–∏–º–µ–Ω–∫–æ–≤–∞\AppData\Local\MiKTeX\fonts/pk/ljfour/lh/lh-t2a/dpi600\lar
m1200.pk> <C:\Users\–°–æ—Ñ—å—è –ó–∏–º–µ–Ω–∫–æ–≤–∞\AppData\Local\MiKTeX\fonts/pk
/ljfour/lh/lh-t2a/dpi600\lacc1440.pk>
Output written on report.pdf (6 pages, 87933 bytes).
PDF statistics:
 262 PDF objects out of 1000 (max. 8388607)
 0 named destinations out of 1000 (max. 500000)
 1 words of extra memory for PDF output out of 10000 (max. 10000000)

